<?xml version="1.0" encoding="UTF-8"?>
<testsuite xmlns:xsi="http://www.w3.org/2001/XMLSchema-instance" xsi:noNamespaceSchemaLocation="https://maven.apache.org/surefire/maven-surefire-plugin/xsd/surefire-test-report.xsd" version="3.0.2" name="com.example.bajaj_api_assigment.BajajApiAssigmentApplicationTests" time="3.277" tests="1" errors="0" skipped="0" failures="0">
  <properties>
    <property name="java.specification.version" value="17"/>
    <property name="sun.cpu.isalist" value="amd64"/>
    <property name="sun.jnu.encoding" value="Cp1252"/>
    <property name="java.class.path" value="D:\FULL DEVELOPEMENT DIRECTORY\Java\Cracking Bajaj Project\bajaj-api-assigment\target\test-classes;D:\FULL DEVELOPEMENT DIRECTORY\Java\Cracking Bajaj Project\bajaj-api-assigment\target\classes;C:\Users\Abhishek Raina\.m2\repository\org\springframework\boot\spring-boot-starter-web\3.4.10\spring-boot-starter-web-3.4.10.jar;C:\Users\Abhishek Raina\.m2\repository\org\springframework\boot\spring-boot-starter\3.4.10\spring-boot-starter-3.4.10.jar;C:\Users\Abhishek Raina\.m2\repository\org\springframework\boot\spring-boot\3.4.10\spring-boot-3.4.10.jar;C:\Users\Abhishek Raina\.m2\repository\org\springframework\boot\spring-boot-autoconfigure\3.4.10\spring-boot-autoconfigure-3.4.10.jar;C:\Users\Abhishek Raina\.m2\repository\org\springframework\boot\spring-boot-starter-logging\3.4.10\spring-boot-starter-logging-3.4.10.jar;C:\Users\Abhishek Raina\.m2\repository\ch\qos\logback\logback-classic\1.5.18\logback-classic-1.5.18.jar;C:\Users\Abhishek Raina\.m2\repository\ch\qos\logback\logback-core\1.5.18\logback-core-1.5.18.jar;C:\Users\Abhishek Raina\.m2\repository\org\apache\logging\log4j\log4j-to-slf4j\2.24.3\log4j-to-slf4j-2.24.3.jar;C:\Users\Abhishek Raina\.m2\repository\org\apache\logging\log4j\log4j-api\2.24.3\log4j-api-2.24.3.jar;C:\Users\Abhishek Raina\.m2\repository\org\slf4j\jul-to-slf4j\2.0.17\jul-to-slf4j-2.0.17.jar;C:\Users\Abhishek Raina\.m2\repository\jakarta\annotation\jakarta.annotation-api\2.1.1\jakarta.annotation-api-2.1.1.jar;C:\Users\Abhishek Raina\.m2\repository\org\yaml\snakeyaml\2.3\snakeyaml-2.3.jar;C:\Users\Abhishek Raina\.m2\repository\org\springframework\boot\spring-boot-starter-json\3.4.10\spring-boot-starter-json-3.4.10.jar;C:\Users\Abhishek Raina\.m2\repository\com\fasterxml\jackson\datatype\jackson-datatype-jdk8\2.18.4\jackson-datatype-jdk8-2.18.4.jar;C:\Users\Abhishek Raina\.m2\repository\com\fasterxml\jackson\datatype\jackson-datatype-jsr310\2.18.4\jackson-datatype-jsr310-2.18.4.jar;C:\Users\Abhishek Raina\.m2\repository\com\fasterxml\jackson\module\jackson-module-parameter-names\2.18.4\jackson-module-parameter-names-2.18.4.jar;C:\Users\Abhishek Raina\.m2\repository\org\springframework\boot\spring-boot-starter-tomcat\3.4.10\spring-boot-starter-tomcat-3.4.10.jar;C:\Users\Abhishek Raina\.m2\repository\org\apache\tomcat\embed\tomcat-embed-core\10.1.46\tomcat-embed-core-10.1.46.jar;C:\Users\Abhishek Raina\.m2\repository\org\apache\tomcat\embed\tomcat-embed-el\10.1.46\tomcat-embed-el-10.1.46.jar;C:\Users\Abhishek Raina\.m2\repository\org\apache\tomcat\embed\tomcat-embed-websocket\10.1.46\tomcat-embed-websocket-10.1.46.jar;C:\Users\Abhishek Raina\.m2\repository\org\springframework\spring-web\6.2.11\spring-web-6.2.11.jar;C:\Users\Abhishek Raina\.m2\repository\org\springframework\spring-beans\6.2.11\spring-beans-6.2.11.jar;C:\Users\Abhishek Raina\.m2\repository\io\micrometer\micrometer-observation\1.14.11\micrometer-observation-1.14.11.jar;C:\Users\Abhishek Raina\.m2\repository\io\micrometer\micrometer-commons\1.14.11\micrometer-commons-1.14.11.jar;C:\Users\Abhishek Raina\.m2\repository\org\springframework\spring-webmvc\6.2.11\spring-webmvc-6.2.11.jar;C:\Users\Abhishek Raina\.m2\repository\org\springframework\spring-aop\6.2.11\spring-aop-6.2.11.jar;C:\Users\Abhishek Raina\.m2\repository\org\springframework\spring-context\6.2.11\spring-context-6.2.11.jar;C:\Users\Abhishek Raina\.m2\repository\org\springframework\spring-expression\6.2.11\spring-expression-6.2.11.jar;C:\Users\Abhishek Raina\.m2\repository\org\springframework\boot\spring-boot-starter-test\3.4.10\spring-boot-starter-test-3.4.10.jar;C:\Users\Abhishek Raina\.m2\repository\org\springframework\boot\spring-boot-test\3.4.10\spring-boot-test-3.4.10.jar;C:\Users\Abhishek Raina\.m2\repository\org\springframework\boot\spring-boot-test-autoconfigure\3.4.10\spring-boot-test-autoconfigure-3.4.10.jar;C:\Users\Abhishek Raina\.m2\repository\com\jayway\jsonpath\json-path\2.9.0\json-path-2.9.0.jar;C:\Users\Abhishek Raina\.m2\repository\org\slf4j\slf4j-api\2.0.17\slf4j-api-2.0.17.jar;C:\Users\Abhishek Raina\.m2\repository\jakarta\xml\bind\jakarta.xml.bind-api\4.0.2\jakarta.xml.bind-api-4.0.2.jar;C:\Users\Abhishek Raina\.m2\repository\jakarta\activation\jakarta.activation-api\2.1.4\jakarta.activation-api-2.1.4.jar;C:\Users\Abhishek Raina\.m2\repository\net\minidev\json-smart\2.5.2\json-smart-2.5.2.jar;C:\Users\Abhishek Raina\.m2\repository\net\minidev\accessors-smart\2.5.2\accessors-smart-2.5.2.jar;C:\Users\Abhishek Raina\.m2\repository\org\ow2\asm\asm\9.7.1\asm-9.7.1.jar;C:\Users\Abhishek Raina\.m2\repository\org\assertj\assertj-core\3.26.3\assertj-core-3.26.3.jar;C:\Users\Abhishek Raina\.m2\repository\net\bytebuddy\byte-buddy\1.15.11\byte-buddy-1.15.11.jar;C:\Users\Abhishek Raina\.m2\repository\org\awaitility\awaitility\4.2.2\awaitility-4.2.2.jar;C:\Users\Abhishek Raina\.m2\repository\org\hamcrest\hamcrest\2.2\hamcrest-2.2.jar;C:\Users\Abhishek Raina\.m2\repository\org\junit\jupiter\junit-jupiter\5.11.4\junit-jupiter-5.11.4.jar;C:\Users\Abhishek Raina\.m2\repository\org\junit\jupiter\junit-jupiter-api\5.11.4\junit-jupiter-api-5.11.4.jar;C:\Users\Abhishek Raina\.m2\repository\org\opentest4j\opentest4j\1.3.0\opentest4j-1.3.0.jar;C:\Users\Abhishek Raina\.m2\repository\org\junit\platform\junit-platform-commons\1.11.4\junit-platform-commons-1.11.4.jar;C:\Users\Abhishek Raina\.m2\repository\org\apiguardian\apiguardian-api\1.1.2\apiguardian-api-1.1.2.jar;C:\Users\Abhishek Raina\.m2\repository\org\junit\jupiter\junit-jupiter-params\5.11.4\junit-jupiter-params-5.11.4.jar;C:\Users\Abhishek Raina\.m2\repository\org\junit\jupiter\junit-jupiter-engine\5.11.4\junit-jupiter-engine-5.11.4.jar;C:\Users\Abhishek Raina\.m2\repository\org\junit\platform\junit-platform-engine\1.11.4\junit-platform-engine-1.11.4.jar;C:\Users\Abhishek Raina\.m2\repository\org\mockito\mockito-core\5.14.2\mockito-core-5.14.2.jar;C:\Users\Abhishek Raina\.m2\repository\net\bytebuddy\byte-buddy-agent\1.15.11\byte-buddy-agent-1.15.11.jar;C:\Users\Abhishek Raina\.m2\repository\org\objenesis\objenesis\3.3\objenesis-3.3.jar;C:\Users\Abhishek Raina\.m2\repository\org\mockito\mockito-junit-jupiter\5.14.2\mockito-junit-jupiter-5.14.2.jar;C:\Users\Abhishek Raina\.m2\repository\org\skyscreamer\jsonassert\1.5.3\jsonassert-1.5.3.jar;C:\Users\Abhishek Raina\.m2\repository\com\vaadin\external\google\android-json\0.0.20131108.vaadin1\android-json-0.0.20131108.vaadin1.jar;C:\Users\Abhishek Raina\.m2\repository\org\springframework\spring-core\6.2.11\spring-core-6.2.11.jar;C:\Users\Abhishek Raina\.m2\repository\org\springframework\spring-jcl\6.2.11\spring-jcl-6.2.11.jar;C:\Users\Abhishek Raina\.m2\repository\org\springframework\spring-test\6.2.11\spring-test-6.2.11.jar;C:\Users\Abhishek Raina\.m2\repository\org\xmlunit\xmlunit-core\2.10.4\xmlunit-core-2.10.4.jar;C:\Users\Abhishek Raina\.m2\repository\com\fasterxml\jackson\core\jackson-databind\2.18.4\jackson-databind-2.18.4.jar;C:\Users\Abhishek Raina\.m2\repository\com\fasterxml\jackson\core\jackson-annotations\2.18.4\jackson-annotations-2.18.4.jar;C:\Users\Abhishek Raina\.m2\repository\com\fasterxml\jackson\core\jackson-core\2.18.4.1\jackson-core-2.18.4.1.jar;"/>
    <property name="java.vm.vendor" value="OpenLogic"/>
    <property name="sun.arch.data.model" value="64"/>
    <property name="user.variant" value=""/>
    <property name="java.vendor.url" value="https://openlogic.com/"/>
    <property name="user.timezone" value="Asia/Calcutta"/>
    <property name="os.name" value="Windows 11"/>
    <property name="java.vm.specification.version" value="17"/>
    <property name="APPLICATION_NAME" value="bajaj-api-assigment"/>
    <property name="sun.java.launcher" value="SUN_STANDARD"/>
    <property name="user.country" value="IN"/>
    <property name="sun.boot.library.path" value="C:\DEVtools\openlogic-openjdk-17.0.13\openlogic-openjdk-17.0.13+11-windows-x64\bin"/>
    <property name="sun.java.command" value="C:\Users\Abhishek Raina\AppData\Local\Temp\surefire4392537139863381674\surefirebooter-20250922150556330_3.jar C:\Users\Abhishek Raina\AppData\Local\Temp\surefire4392537139863381674 2025-09-22T15-05-56_033-jvmRun1 surefire-20250922150556330_1tmp surefire_0-20250922150556330_2tmp"/>
    <property name="jdk.debug" value="release"/>
    <property name="surefire.test.class.path" value="D:\FULL DEVELOPEMENT DIRECTORY\Java\Cracking Bajaj Project\bajaj-api-assigment\target\test-classes;D:\FULL DEVELOPEMENT DIRECTORY\Java\Cracking Bajaj Project\bajaj-api-assigment\target\classes;C:\Users\Abhishek Raina\.m2\repository\org\springframework\boot\spring-boot-starter-web\3.4.10\spring-boot-starter-web-3.4.10.jar;C:\Users\Abhishek Raina\.m2\repository\org\springframework\boot\spring-boot-starter\3.4.10\spring-boot-starter-3.4.10.jar;C:\Users\Abhishek Raina\.m2\repository\org\springframework\boot\spring-boot\3.4.10\spring-boot-3.4.10.jar;C:\Users\Abhishek Raina\.m2\repository\org\springframework\boot\spring-boot-autoconfigure\3.4.10\spring-boot-autoconfigure-3.4.10.jar;C:\Users\Abhishek Raina\.m2\repository\org\springframework\boot\spring-boot-starter-logging\3.4.10\spring-boot-starter-logging-3.4.10.jar;C:\Users\Abhishek Raina\.m2\repository\ch\qos\logback\logback-classic\1.5.18\logback-classic-1.5.18.jar;C:\Users\Abhishek Raina\.m2\repository\ch\qos\logback\logback-core\1.5.18\logback-core-1.5.18.jar;C:\Users\Abhishek Raina\.m2\repository\org\apache\logging\log4j\log4j-to-slf4j\2.24.3\log4j-to-slf4j-2.24.3.jar;C:\Users\Abhishek Raina\.m2\repository\org\apache\logging\log4j\log4j-api\2.24.3\log4j-api-2.24.3.jar;C:\Users\Abhishek Raina\.m2\repository\org\slf4j\jul-to-slf4j\2.0.17\jul-to-slf4j-2.0.17.jar;C:\Users\Abhishek Raina\.m2\repository\jakarta\annotation\jakarta.annotation-api\2.1.1\jakarta.annotation-api-2.1.1.jar;C:\Users\Abhishek Raina\.m2\repository\org\yaml\snakeyaml\2.3\snakeyaml-2.3.jar;C:\Users\Abhishek Raina\.m2\repository\org\springframework\boot\spring-boot-starter-json\3.4.10\spring-boot-starter-json-3.4.10.jar;C:\Users\Abhishek Raina\.m2\repository\com\fasterxml\jackson\datatype\jackson-datatype-jdk8\2.18.4\jackson-datatype-jdk8-2.18.4.jar;C:\Users\Abhishek Raina\.m2\repository\com\fasterxml\jackson\datatype\jackson-datatype-jsr310\2.18.4\jackson-datatype-jsr310-2.18.4.jar;C:\Users\Abhishek Raina\.m2\repository\com\fasterxml\jackson\module\jackson-module-parameter-names\2.18.4\jackson-module-parameter-names-2.18.4.jar;C:\Users\Abhishek Raina\.m2\repository\org\springframework\boot\spring-boot-starter-tomcat\3.4.10\spring-boot-starter-tomcat-3.4.10.jar;C:\Users\Abhishek Raina\.m2\repository\org\apache\tomcat\embed\tomcat-embed-core\10.1.46\tomcat-embed-core-10.1.46.jar;C:\Users\Abhishek Raina\.m2\repository\org\apache\tomcat\embed\tomcat-embed-el\10.1.46\tomcat-embed-el-10.1.46.jar;C:\Users\Abhishek Raina\.m2\repository\org\apache\tomcat\embed\tomcat-embed-websocket\10.1.46\tomcat-embed-websocket-10.1.46.jar;C:\Users\Abhishek Raina\.m2\repository\org\springframework\spring-web\6.2.11\spring-web-6.2.11.jar;C:\Users\Abhishek Raina\.m2\repository\org\springframework\spring-beans\6.2.11\spring-beans-6.2.11.jar;C:\Users\Abhishek Raina\.m2\repository\io\micrometer\micrometer-observation\1.14.11\micrometer-observation-1.14.11.jar;C:\Users\Abhishek Raina\.m2\repository\io\micrometer\micrometer-commons\1.14.11\micrometer-commons-1.14.11.jar;C:\Users\Abhishek Raina\.m2\repository\org\springframework\spring-webmvc\6.2.11\spring-webmvc-6.2.11.jar;C:\Users\Abhishek Raina\.m2\repository\org\springframework\spring-aop\6.2.11\spring-aop-6.2.11.jar;C:\Users\Abhishek Raina\.m2\repository\org\springframework\spring-context\6.2.11\spring-context-6.2.11.jar;C:\Users\Abhishek Raina\.m2\repository\org\springframework\spring-expression\6.2.11\spring-expression-6.2.11.jar;C:\Users\Abhishek Raina\.m2\repository\org\springframework\boot\spring-boot-starter-test\3.4.10\spring-boot-starter-test-3.4.10.jar;C:\Users\Abhishek Raina\.m2\repository\org\springframework\boot\spring-boot-test\3.4.10\spring-boot-test-3.4.10.jar;C:\Users\Abhishek Raina\.m2\repository\org\springframework\boot\spring-boot-test-autoconfigure\3.4.10\spring-boot-test-autoconfigure-3.4.10.jar;C:\Users\Abhishek Raina\.m2\repository\com\jayway\jsonpath\json-path\2.9.0\json-path-2.9.0.jar;C:\Users\Abhishek Raina\.m2\repository\org\slf4j\slf4j-api\2.0.17\slf4j-api-2.0.17.jar;C:\Users\Abhishek Raina\.m2\repository\jakarta\xml\bind\jakarta.xml.bind-api\4.0.2\jakarta.xml.bind-api-4.0.2.jar;C:\Users\Abhishek Raina\.m2\repository\jakarta\activation\jakarta.activation-api\2.1.4\jakarta.activation-api-2.1.4.jar;C:\Users\Abhishek Raina\.m2\repository\net\minidev\json-smart\2.5.2\json-smart-2.5.2.jar;C:\Users\Abhishek Raina\.m2\repository\net\minidev\accessors-smart\2.5.2\accessors-smart-2.5.2.jar;C:\Users\Abhishek Raina\.m2\repository\org\ow2\asm\asm\9.7.1\asm-9.7.1.jar;C:\Users\Abhishek Raina\.m2\repository\org\assertj\assertj-core\3.26.3\assertj-core-3.26.3.jar;C:\Users\Abhishek Raina\.m2\repository\net\bytebuddy\byte-buddy\1.15.11\byte-buddy-1.15.11.jar;C:\Users\Abhishek Raina\.m2\repository\org\awaitility\awaitility\4.2.2\awaitility-4.2.2.jar;C:\Users\Abhishek Raina\.m2\repository\org\hamcrest\hamcrest\2.2\hamcrest-2.2.jar;C:\Users\Abhishek Raina\.m2\repository\org\junit\jupiter\junit-jupiter\5.11.4\junit-jupiter-5.11.4.jar;C:\Users\Abhishek Raina\.m2\repository\org\junit\jupiter\junit-jupiter-api\5.11.4\junit-jupiter-api-5.11.4.jar;C:\Users\Abhishek Raina\.m2\repository\org\opentest4j\opentest4j\1.3.0\opentest4j-1.3.0.jar;C:\Users\Abhishek Raina\.m2\repository\org\junit\platform\junit-platform-commons\1.11.4\junit-platform-commons-1.11.4.jar;C:\Users\Abhishek Raina\.m2\repository\org\apiguardian\apiguardian-api\1.1.2\apiguardian-api-1.1.2.jar;C:\Users\Abhishek Raina\.m2\repository\org\junit\jupiter\junit-jupiter-params\5.11.4\junit-jupiter-params-5.11.4.jar;C:\Users\Abhishek Raina\.m2\repository\org\junit\jupiter\junit-jupiter-engine\5.11.4\junit-jupiter-engine-5.11.4.jar;C:\Users\Abhishek Raina\.m2\repository\org\junit\platform\junit-platform-engine\1.11.4\junit-platform-engine-1.11.4.jar;C:\Users\Abhishek Raina\.m2\repository\org\mockito\mockito-core\5.14.2\mockito-core-5.14.2.jar;C:\Users\Abhishek Raina\.m2\repository\net\bytebuddy\byte-buddy-agent\1.15.11\byte-buddy-agent-1.15.11.jar;C:\Users\Abhishek Raina\.m2\repository\org\objenesis\objenesis\3.3\objenesis-3.3.jar;C:\Users\Abhishek Raina\.m2\repository\org\mockito\mockito-junit-jupiter\5.14.2\mockito-junit-jupiter-5.14.2.jar;C:\Users\Abhishek Raina\.m2\repository\org\skyscreamer\jsonassert\1.5.3\jsonassert-1.5.3.jar;C:\Users\Abhishek Raina\.m2\repository\com\vaadin\external\google\android-json\0.0.20131108.vaadin1\android-json-0.0.20131108.vaadin1.jar;C:\Users\Abhishek Raina\.m2\repository\org\springframework\spring-core\6.2.11\spring-core-6.2.11.jar;C:\Users\Abhishek Raina\.m2\repository\org\springframework\spring-jcl\6.2.11\spring-jcl-6.2.11.jar;C:\Users\Abhishek Raina\.m2\repository\org\springframework\spring-test\6.2.11\spring-test-6.2.11.jar;C:\Users\Abhishek Raina\.m2\repository\org\xmlunit\xmlunit-core\2.10.4\xmlunit-core-2.10.4.jar;C:\Users\Abhishek Raina\.m2\repository\com\fasterxml\jackson\core\jackson-databind\2.18.4\jackson-databind-2.18.4.jar;C:\Users\Abhishek Raina\.m2\repository\com\fasterxml\jackson\core\jackson-annotations\2.18.4\jackson-annotations-2.18.4.jar;C:\Users\Abhishek Raina\.m2\repository\com\fasterxml\jackson\core\jackson-core\2.18.4.1\jackson-core-2.18.4.1.jar;"/>
    <property name="sun.cpu.endian" value="little"/>
    <property name="user.home" value="C:\Users\Abhishek Raina"/>
    <property name="user.language" value="en"/>
    <property name="java.specification.vendor" value="Oracle Corporation"/>
    <property name="java.version.date" value="2024-10-15"/>
    <property name="java.home" value="C:\DEVtools\openlogic-openjdk-17.0.13\openlogic-openjdk-17.0.13+11-windows-x64"/>
    <property name="file.separator" value="\"/>
    <property name="basedir" value="D:\FULL DEVELOPEMENT DIRECTORY\Java\Cracking Bajaj Project\bajaj-api-assigment"/>
    <property name="java.vm.compressedOopsMode" value="Zero based"/>
    <property name="line.separator" value="&#10;"/>
    <property name="java.vm.specification.vendor" value="Oracle Corporation"/>
    <property name="java.specification.name" value="Java Platform API Specification"/>
    <property name="FILE_LOG_CHARSET" value="windows-1252"/>
    <property name="java.awt.headless" value="true"/>
    <property name="surefire.real.class.path" value="C:\Users\Abhishek Raina\AppData\Local\Temp\surefire4392537139863381674\surefirebooter-20250922150556330_3.jar"/>
    <property name="user.script" value=""/>
    <property name="sun.management.compiler" value="HotSpot 64-Bit Tiered Compilers"/>
    <property name="java.runtime.version" value="17.0.13+11-adhoc..jdk17u"/>
    <property name="user.name" value="Abhishek Raina"/>
    <property name="path.separator" value=";"/>
    <property name="os.version" value="10.0"/>
    <property name="java.runtime.name" value="OpenJDK Runtime Environment"/>
    <property name="file.encoding" value="Cp1252"/>
    <property name="java.vm.name" value="OpenJDK 64-Bit Server VM"/>
    <property name="java.vendor.version" value="OpenLogic-OpenJDK"/>
    <property name="localRepository" value="C:\Users\Abhishek Raina\.m2\repository"/>
    <property name="java.vendor.url.bug" value="https://techsupport.roguewave.com/"/>
    <property name="java.io.tmpdir" value="C:\Users\ABHISH~1\AppData\Local\Temp\"/>
    <property name="java.version" value="17.0.13"/>
    <property name="user.dir" value="D:\FULL DEVELOPEMENT DIRECTORY\Java\Cracking Bajaj Project\bajaj-api-assigment"/>
    <property name="os.arch" value="amd64"/>
    <property name="java.vm.specification.name" value="Java Virtual Machine Specification"/>
    <property name="PID" value="13556"/>
    <property name="sun.os.patch.level" value=""/>
    <property name="CONSOLE_LOG_CHARSET" value="windows-1252"/>
    <property name="native.encoding" value="Cp1252"/>
    <property name="java.library.path" value="C:\DEVtools\openlogic-openjdk-17.0.13\openlogic-openjdk-17.0.13+11-windows-x64\bin;C:\WINDOWS\Sun\Java\bin;C:\WINDOWS\system32;C:\WINDOWS;C:\Python312\Scripts\;C:\Python312\;C:\WINDOWS\system32;C:\WINDOWS;C:\WINDOWS\System32\Wbem;C:\WINDOWS\System32\WindowsPowerShell\v1.0\;C:\WINDOWS\System32\OpenSSH\;C:\ProgramData\chocolatey\bin;D:\FULL DEVELOPEMENT DIRECTORY\Backend Game\Node Version Manager\nvm;C:\Program Files\nodejs;C:\DEVtools\GO Lang\bin;C:\Program Files\Git\cmd;C:\Program Files\Docker\Docker\resources\bin;C:\Program Files\dotnet\;D:\FULL DEVELOPEMENT DIRECTORY\Backend Game\NodeJS\Nodejs_n_NVM_Installation\;C:\Program Files\PowerShell\7\;C:\Program Files\MySQL\MySQL Shell 8.0\bin\;C:\Users\Abhishek Raina\AppData\Local\Programs\Python\Python310\Scripts\;C:\Users\Abhishek Raina\AppData\Local\Programs\Python\Python310\;C:\Users\Abhishek Raina/go/bin;C:\Users\Abhishek Raina/.local/opt/go/bin;C:\Users\Abhishek Raina/.local/bin;C:\Users\Abhishek Raina\AppData\Local\Microsoft\WindowsApps;C:\Users\Abhishek Raina\AppData\Local\GitHubDesktop\bin;C:\DEVtools\MinGW\bin;C:\DEVtools\Microsoft VS Code\bin;C:\DEVtools\Mobile dev folder\Android Studio Setup(Don&apos;t make changes)\bin;C:\Users\Abhishek Raina\AppData\Local\Programs\Microsoft VS Code\bin;C:\Users\Abhishek Raina\AppData\Local\Pub\Cache\hosted\pub.dev\.cache;C:\Users\Abhishek Raina\AppData\Local\JetBrains\Toolbox\scripts;C:\Program Files\MySQL\MySQL Server 8.2\bin;D:\Needed Softwares\mysql-connector-j-8.2.0\mysql-connector-j-8.2.0;D:\FULL DEVELOPEMENT DIRECTORY\Backend Game\Node Version Manager\nvm;C:\Program Files\nodejs;C:\DEVtools\dart SDK\dartsdk-windows-x64-release 3.5.2\dart-sdk\bin;C:\DEVtools\Mobile dev folder\flutter_windows_3.24.1-stable\flutter\bin;D:\Needed Softwares\GO_for_linux\go\bin;C:\DEVtools\dart SDK\IntelliJ_IDE\IntelliJ IDEA Community Edition 2024.2.3\bin;;C:\DEVtools\dart SDK\dartsdk-windows-x64-release 3.5.4\dart-sdk\bin;C:\DEVtools\openlogic-openjdk-17.0.13\openlogic-openjdk-17.0.13+11-windows-x64\bin;C:\Users\Abhishek Raina\AppData\Local\Android\Sdk\platform-tools;C:\Users\Abhishek Raina\AppData\Local\Muse Hub\lib;C:\Users\Abhishek Raina\AppData\Local\Microsoft\WindowsApps;C:\Users\Abhishek Raina\AppData\Roaming\npm;C:\Users\Abhishek Raina\AppData\Local\Programs\Windsurf\bin;D:\FULL DEVELOPEMENT DIRECTORY\Java\Maven Installation\apache-maven-3.9.11-bin\apache-maven-3.9.11\bin;D:\FULL DEVELOPEMENT DIRECTORY\Java\MongoShell Installation\mongosh-2.5.8-win32-x64;;."/>
    <property name="java.vm.info" value="mixed mode, sharing"/>
    <property name="java.vendor" value="OpenLogic"/>
    <property name="java.vm.version" value="17.0.13+11-adhoc..jdk17u"/>
    <property name="java.specification.maintenance.version" value="1"/>
    <property name="sun.io.unicode.encoding" value="UnicodeLittle"/>
    <property name="java.class.version" value="61.0"/>
    <property name="LOGGED_APPLICATION_NAME" value="[bajaj-api-assigment] "/>
  </properties>
  <testcase name="contextLoads" classname="com.example.bajaj_api_assigment.BajajApiAssigmentApplicationTests" time="0.739">
    <system-out><![CDATA[15:05:57.411 [main] INFO org.springframework.test.context.support.AnnotationConfigContextLoaderUtils -- Could not detect default configuration classes for test class [com.example.bajaj_api_assigment.BajajApiAssigmentApplicationTests]: BajajApiAssigmentApplicationTests does not declare any static, non-private, non-final, nested classes annotated with @Configuration.
15:05:57.529 [main] INFO org.springframework.boot.test.context.SpringBootTestContextBootstrapper -- Found @SpringBootConfiguration com.example.bajaj_api_assigment.BajajApiAssigmentApplication for test class com.example.bajaj_api_assigment.BajajApiAssigmentApplicationTests

  .   ____          _            __ _ _
 /\\ / ___'_ __ _ _(_)_ __  __ _ \ \ \ \
( ( )\___ | '_ | '_| | '_ \/ _` | \ \ \ \
 \\/  ___)| |_)| | | | | || (_| |  ) ) ) )
  '  |____| .__|_| |_|_| |_\__, | / / / /
 =========|_|==============|___/=/_/_/_/

 :: Spring Boot ::               (v3.4.10)

2025-09-22T15:05:58.034+05:30  INFO 13556 --- [bajaj-api-assigment] [           main] c.e.b.BajajApiAssigmentApplicationTests  : Starting BajajApiAssigmentApplicationTests using Java 17.0.13 with PID 13556 (started by Abhishek Raina in D:\FULL DEVELOPEMENT DIRECTORY\Java\Cracking Bajaj Project\bajaj-api-assigment)
2025-09-22T15:05:58.036+05:30  INFO 13556 --- [bajaj-api-assigment] [           main] c.e.b.BajajApiAssigmentApplicationTests  : No active profile set, falling back to 1 default profile: "default"
2025-09-22T15:05:59.092+05:30  INFO 13556 --- [bajaj-api-assigment] [           main] c.e.b.BajajApiAssigmentApplicationTests  : Started BajajApiAssigmentApplicationTests in 1.376 seconds (process running for 2.641)
Webhook URL: https://bfhldevapigw.healthrx.co.in/hiring/testWebhook/JAVA
Access Token: eyJhbGciOiJIUzI1NiJ9.eyJyZWdObyI6IjAxMDFDUzIyMTAwNiIsIm5hbWUiOiJBYmhpc2hlayByYWluYSIsImVtYWlsIjoiYWJoaXNoZWsucmFpbmEudWl0QGdtYWlsLmNvbSIsInN1YiI6IndlYmhvb2stdXNlciIsImlhdCI6MTc1ODUzMzc1OCwiZXhwIjoxNzU4NTM0NjU4fQ.xyWqZNMJWhcyXxKaq-6HToKFG2BZ1OWdphWlSiaFkT8
Submission response: {"success":true,"message":"Webhook processed successfully"}
]]></system-out>
  </testcase>
</testsuite>